0 info it worked if it ends with ok
1 verbose cli [ 'C:\\Program Files\\nodejs\\node.exe',
1 verbose cli   'C:\\Program Files\\nodejs\\node_modules\\npm\\bin\\npm-cli.js',
1 verbose cli   'install',
1 verbose cli   'nativescript-checkbox',
1 verbose cli   '--save' ]
2 info using npm@3.10.8
3 info using node@v6.9.1
4 silly loadCurrentTree Starting
5 silly install loadCurrentTree
6 silly install readLocalPackageData
7 silly fetchPackageMetaData nativescript-checkbox
8 silly fetchNamedPackageData nativescript-checkbox
9 silly mapToRegistry name nativescript-checkbox
10 silly mapToRegistry using default registry
11 silly mapToRegistry registry https://registry.npmjs.org/
12 silly mapToRegistry data Result {
12 silly mapToRegistry   raw: 'nativescript-checkbox',
12 silly mapToRegistry   scope: null,
12 silly mapToRegistry   escapedName: 'nativescript-checkbox',
12 silly mapToRegistry   name: 'nativescript-checkbox',
12 silly mapToRegistry   rawSpec: '',
12 silly mapToRegistry   spec: 'latest',
12 silly mapToRegistry   type: 'tag' }
13 silly mapToRegistry uri https://registry.npmjs.org/nativescript-checkbox
14 verbose request uri https://registry.npmjs.org/nativescript-checkbox
15 verbose request no auth needed
16 info attempt registry request try #1 at 15:04:33
17 verbose request id b5549370b10e9158
18 http request GET https://registry.npmjs.org/nativescript-checkbox
19 http 200 https://registry.npmjs.org/nativescript-checkbox
20 verbose headers { server: 'nginx/1.10.1',
20 verbose headers   'content-type': 'application/json',
20 verbose headers   'last-modified': 'Thu, 09 Feb 2017 19:27:16 GMT',
20 verbose headers   etag: 'W/"589cc294-9caa"',
20 verbose headers   'content-encoding': 'gzip',
20 verbose headers   'cache-control': 'max-age=300',
20 verbose headers   'content-length': '4607',
20 verbose headers   'accept-ranges': 'bytes',
20 verbose headers   date: 'Fri, 24 Mar 2017 15:04:34 GMT',
20 verbose headers   via: '1.1 varnish',
20 verbose headers   age: '0',
20 verbose headers   connection: 'keep-alive',
20 verbose headers   'x-served-by': 'cache-mad9423-MAD',
20 verbose headers   'x-cache': 'MISS',
20 verbose headers   'x-cache-hits': '0',
20 verbose headers   'x-timer': 'S1490367874.389352,VS0,VE189',
20 verbose headers   vary: 'Accept-Encoding' }
21 silly get cb [ 200,
21 silly get   { server: 'nginx/1.10.1',
21 silly get     'content-type': 'application/json',
21 silly get     'last-modified': 'Thu, 09 Feb 2017 19:27:16 GMT',
21 silly get     etag: 'W/"589cc294-9caa"',
21 silly get     'content-encoding': 'gzip',
21 silly get     'cache-control': 'max-age=300',
21 silly get     'content-length': '4607',
21 silly get     'accept-ranges': 'bytes',
21 silly get     date: 'Fri, 24 Mar 2017 15:04:34 GMT',
21 silly get     via: '1.1 varnish',
21 silly get     age: '0',
21 silly get     connection: 'keep-alive',
21 silly get     'x-served-by': 'cache-mad9423-MAD',
21 silly get     'x-cache': 'MISS',
21 silly get     'x-cache-hits': '0',
21 silly get     'x-timer': 'S1490367874.389352,VS0,VE189',
21 silly get     vary: 'Accept-Encoding' } ]
22 verbose get saving nativescript-checkbox to C:\Users\Hugo\AppData\Roaming\npm-cache\registry.npmjs.org\nativescript-checkbox\.cache.json
23 verbose correctMkdir C:\Users\Hugo\AppData\Roaming\npm-cache correctMkdir not in flight; initializing
24 silly install normalizeTree
25 silly loadCurrentTree Finishing
26 silly loadIdealTree Starting
27 silly install loadIdealTree
28 silly cloneCurrentTree Starting
29 silly install cloneCurrentTreeToIdealTree
30 silly cloneCurrentTree Finishing
31 silly loadShrinkwrap Starting
32 silly install loadShrinkwrap
33 silly loadShrinkwrap Finishing
34 silly loadAllDepsIntoIdealTree Starting
35 silly install loadAllDepsIntoIdealTree
36 silly resolveWithNewModule nativescript-checkbox@1.2.6 checking installable status
37 silly cache add args [ 'nativescript-checkbox', null ]
38 verbose cache add spec nativescript-checkbox
39 silly cache add parsed spec Result {
39 silly cache add   raw: 'nativescript-checkbox',
39 silly cache add   scope: null,
39 silly cache add   escapedName: 'nativescript-checkbox',
39 silly cache add   name: 'nativescript-checkbox',
39 silly cache add   rawSpec: '',
39 silly cache add   spec: 'latest',
39 silly cache add   type: 'tag' }
40 silly addNamed nativescript-checkbox@latest
41 verbose addNamed "latest" is being treated as a dist-tag for nativescript-checkbox
42 info addNameTag [ 'nativescript-checkbox', 'latest' ]
43 silly mapToRegistry name nativescript-checkbox
44 silly mapToRegistry using default registry
45 silly mapToRegistry registry https://registry.npmjs.org/
46 silly mapToRegistry data Result {
46 silly mapToRegistry   raw: 'nativescript-checkbox',
46 silly mapToRegistry   scope: null,
46 silly mapToRegistry   escapedName: 'nativescript-checkbox',
46 silly mapToRegistry   name: 'nativescript-checkbox',
46 silly mapToRegistry   rawSpec: '',
46 silly mapToRegistry   spec: 'latest',
46 silly mapToRegistry   type: 'tag' }
47 silly mapToRegistry uri https://registry.npmjs.org/nativescript-checkbox
48 verbose addNameTag registry:https://registry.npmjs.org/nativescript-checkbox not in flight; fetching
49 verbose get https://registry.npmjs.org/nativescript-checkbox not expired, no request
50 silly addNameTag next cb for nativescript-checkbox with tag latest
51 silly addNamed nativescript-checkbox@1.2.6
52 verbose addNamed "1.2.6" is a plain semver version for nativescript-checkbox
53 silly mapToRegistry name nativescript-checkbox
54 silly mapToRegistry using default registry
55 silly mapToRegistry registry https://registry.npmjs.org/
56 silly mapToRegistry data Result {
56 silly mapToRegistry   raw: 'nativescript-checkbox',
56 silly mapToRegistry   scope: null,
56 silly mapToRegistry   escapedName: 'nativescript-checkbox',
56 silly mapToRegistry   name: 'nativescript-checkbox',
56 silly mapToRegistry   rawSpec: '',
56 silly mapToRegistry   spec: 'latest',
56 silly mapToRegistry   type: 'tag' }
57 silly mapToRegistry uri https://registry.npmjs.org/nativescript-checkbox
58 verbose addRemoteTarball https://registry.npmjs.org/nativescript-checkbox/-/nativescript-checkbox-1.2.6.tgz not in flight; adding
59 verbose addRemoteTarball [ 'https://registry.npmjs.org/nativescript-checkbox/-/nativescript-checkbox-1.2.6.tgz',
59 verbose addRemoteTarball   'fbde51a7af7ee0775a1322af927c2618c0d3a15a' ]
60 info retry fetch attempt 1 at 15:04:34
61 info attempt registry request try #1 at 15:04:34
62 http fetch GET https://registry.npmjs.org/nativescript-checkbox/-/nativescript-checkbox-1.2.6.tgz
63 http fetch 200 https://registry.npmjs.org/nativescript-checkbox/-/nativescript-checkbox-1.2.6.tgz
64 silly fetchAndShaCheck shasum fbde51a7af7ee0775a1322af927c2618c0d3a15a
65 verbose addTmpTarball C:\Users\Hugo\AppData\Local\Temp\npm-11756-75cb1d98\registry.npmjs.org\nativescript-checkbox\-\nativescript-checkbox-1.2.6.tgz not in flight; adding
66 verbose addTmpTarball already have metadata; skipping unpack for nativescript-checkbox@1.2.6
67 verbose correctMkdir C:\Users\Hugo\AppData\Roaming\npm-cache correctMkdir not in flight; initializing
68 silly cache afterAdd nativescript-checkbox@1.2.6
69 verbose afterAdd C:\Users\Hugo\AppData\Roaming\npm-cache\nativescript-checkbox\1.2.6\package\package.json not in flight; writing
70 verbose correctMkdir C:\Users\Hugo\AppData\Roaming\npm-cache correctMkdir not in flight; initializing
71 verbose afterAdd C:\Users\Hugo\AppData\Roaming\npm-cache\nativescript-checkbox\1.2.6\package\package.json written
72 silly loadAllDepsIntoIdealTree Finishing
73 silly loadIdealTree Finishing
74 silly currentTree DynamicApp
74 silly currentTree +-- ansi-regex@2.1.1
74 silly currentTree +-- ansi-styles@2.2.1
74 silly currentTree +-- babel-code-frame@6.22.0
74 silly currentTree +-- babel-messages@6.23.0
74 silly currentTree | `-- babel-runtime@6.23.0
74 silly currentTree +-- babel-runtime@5.8.38
74 silly currentTree | `-- core-js@1.2.7
74 silly currentTree +-- babel-traverse@6.4.5
74 silly currentTree +-- babel-types@6.4.5
74 silly currentTree +-- babylon@6.4.5
74 silly currentTree +-- chalk@1.1.3
74 silly currentTree +-- core-js@2.4.1
74 silly currentTree +-- debug@2.6.3
74 silly currentTree +-- escape-string-regexp@1.0.5
74 silly currentTree +-- esutils@2.0.2
74 silly currentTree +-- globals@8.18.0
74 silly currentTree +-- has-ansi@2.0.0
74 silly currentTree +-- invariant@2.2.2
74 silly currentTree +-- is-finite@1.0.2
74 silly currentTree +-- js-tokens@3.0.1
74 silly currentTree +-- lazy@1.0.11
74 silly currentTree +-- lodash@3.10.1
74 silly currentTree +-- loose-envify@1.3.1
74 silly currentTree +-- ms@0.7.2
74 silly currentTree +-- nativescript-checkbox@1.2.6
74 silly currentTree +-- nativescript-drop-down@1.5.3
74 silly currentTree +-- number-is-nan@1.0.1
74 silly currentTree +-- regenerator-runtime@0.10.3
74 silly currentTree +-- repeating@1.1.3
74 silly currentTree +-- strip-ansi@3.0.1
74 silly currentTree +-- supports-color@2.0.0
74 silly currentTree +-- tns-core-modules-widgets@2.5.0
74 silly currentTree +-- tns-core-modules@2.5.2
74 silly currentTree `-- to-fast-properties@1.0.2
75 silly idealTree DynamicApp
75 silly idealTree +-- ansi-regex@2.1.1
75 silly idealTree +-- ansi-styles@2.2.1
75 silly idealTree +-- babel-code-frame@6.22.0
75 silly idealTree +-- babel-messages@6.23.0
75 silly idealTree | `-- babel-runtime@6.23.0
75 silly idealTree +-- babel-runtime@5.8.38
75 silly idealTree | `-- core-js@1.2.7
75 silly idealTree +-- babel-traverse@6.4.5
75 silly idealTree +-- babel-types@6.4.5
75 silly idealTree +-- babylon@6.4.5
75 silly idealTree +-- chalk@1.1.3
75 silly idealTree +-- core-js@2.4.1
75 silly idealTree +-- debug@2.6.3
75 silly idealTree +-- escape-string-regexp@1.0.5
75 silly idealTree +-- esutils@2.0.2
75 silly idealTree +-- globals@8.18.0
75 silly idealTree +-- has-ansi@2.0.0
75 silly idealTree +-- invariant@2.2.2
75 silly idealTree +-- is-finite@1.0.2
75 silly idealTree +-- js-tokens@3.0.1
75 silly idealTree +-- lazy@1.0.11
75 silly idealTree +-- lodash@3.10.1
75 silly idealTree +-- loose-envify@1.3.1
75 silly idealTree +-- ms@0.7.2
75 silly idealTree +-- nativescript-checkbox@1.2.6
75 silly idealTree +-- nativescript-drop-down@1.5.3
75 silly idealTree +-- number-is-nan@1.0.1
75 silly idealTree +-- regenerator-runtime@0.10.3
75 silly idealTree +-- repeating@1.1.3
75 silly idealTree +-- strip-ansi@3.0.1
75 silly idealTree +-- supports-color@2.0.0
75 silly idealTree +-- tns-core-modules-widgets@2.5.0
75 silly idealTree +-- tns-core-modules@2.5.2
75 silly idealTree `-- to-fast-properties@1.0.2
76 silly generateActionsToTake Starting
77 silly install generateActionsToTake
78 warn checkPermissions Missing write access to C:\Users\Hugo\Documents\GitHub\DynamicApp\node_modules\nativescript-checkbox
79 silly rollbackFailedOptional Starting
80 silly rollbackFailedOptional Finishing
81 silly runTopLevelLifecycles Finishing
82 silly install printInstalled
83 verbose stack Error: ENOENT: no such file or directory, access 'C:\Users\Hugo\Documents\GitHub\DynamicApp\node_modules\nativescript-checkbox'
83 verbose stack     at Error (native)
84 verbose cwd C:\Users\Hugo\Documents\GitHub\DynamicApp
85 error Windows_NT 10.0.14393
86 error argv "C:\\Program Files\\nodejs\\node.exe" "C:\\Program Files\\nodejs\\node_modules\\npm\\bin\\npm-cli.js" "install" "nativescript-checkbox" "--save"
87 error node v6.9.1
88 error npm  v3.10.8
89 error path C:\Users\Hugo\Documents\GitHub\DynamicApp\node_modules\nativescript-checkbox
90 error code ENOENT
91 error errno -4058
92 error syscall access
93 error enoent ENOENT: no such file or directory, access 'C:\Users\Hugo\Documents\GitHub\DynamicApp\node_modules\nativescript-checkbox'
94 error enoent ENOENT: no such file or directory, access 'C:\Users\Hugo\Documents\GitHub\DynamicApp\node_modules\nativescript-checkbox'
94 error enoent This is most likely not a problem with npm itself
94 error enoent and is related to npm not being able to find a file.
95 verbose exit [ -4058, true ]
